<?xml version="1.0" encoding="UTF-8"?>
<testsuites>
  <testsuite id="0" name="/Users/22060947/Documents/Private/EBuddy/my-monorepo/apps/backend-repo/utils/utils.test.ts" errors="0" package="/Users/22060947/Documents/Private/EBuddy/my-monorepo/apps/backend-repo/utils/utils.test.ts" hostname="localhost" tests="3" failures="0" time="7.01" timestamp="2025-02-11T01:55:29">
    <properties>
    </properties>
    <testcase classname="generateResponse" name="should return success response when success is true" time="0">
    </testcase>
    <testcase classname="generateResponse" name="should return error response with given code and message when success is false" time="0">
    </testcase>
    <testcase classname="generateResponse" name="should return default error response when success is false and no code/message provided" time="0">
    </testcase>
    <system-out/>
    <system-err/>
  </testsuite>
  <testsuite id="1" name="/Users/22060947/Documents/Private/EBuddy/my-monorepo/apps/backend-repo/middleware/errorHandler.test.ts" errors="0" package="/Users/22060947/Documents/Private/EBuddy/my-monorepo/apps/backend-repo/middleware/errorHandler.test.ts" hostname="localhost" tests="2" failures="0" time="7.053" timestamp="2025-02-11T01:55:29">
    <properties>
    </properties>
    <testcase classname="notFoundHandler" name="should return 404 with &quot;Route not found&quot; message" time="0">
    </testcase>
    <testcase classname="errorHandler" name="should return 500 with &quot;Internal Server Error&quot; message" time="0">
    </testcase>
    <system-out/>
    <system-err/>
  </testsuite>
  <testsuite id="2" name="/Users/22060947/Documents/Private/EBuddy/my-monorepo/apps/backend-repo/controller/api.test.ts" errors="0" package="/Users/22060947/Documents/Private/EBuddy/my-monorepo/apps/backend-repo/controller/api.test.ts" hostname="localhost" tests="8" failures="0" time="7.151" timestamp="2025-02-11T01:55:29">
    <properties>
    </properties>
    <testcase classname="fetchUserData" name="should return user data if user exists" time="0">
    </testcase>
    <testcase classname="fetchUserData" name="should return 404 if user not found" time="0">
    </testcase>
    <testcase classname="fetchUserData" name="should return 401 if user is not authenticated" time="0">
    </testcase>
    <testcase classname="fetchUserData" name="should return 500 on error" time="0">
    </testcase>
    <testcase classname="updateUserData" name="should return updated user data on success" time="0">
    </testcase>
    <testcase classname="updateUserData" name="should return 400 if validation fails" time="0">
    </testcase>
    <testcase classname="updateUserData" name="should return 401 if user is not authenticated" time="0">
    </testcase>
    <testcase classname="updateUserData" name="should return 500 if update fails" time="0">
    </testcase>
    <system-out/>
    <system-err/>
  </testsuite>
  <testsuite id="3" name="/Users/22060947/Documents/Private/EBuddy/my-monorepo/apps/backend-repo/config/firebaseConfig.test.ts" errors="0" package="/Users/22060947/Documents/Private/EBuddy/my-monorepo/apps/backend-repo/config/firebaseConfig.test.ts" hostname="localhost" tests="3" failures="0" time="7.064" timestamp="2025-02-11T01:55:29">
    <properties>
    </properties>
    <testcase classname="Firebase Admin Initialization" name="should throw an error if SERVICE_ACCOUNT_KEY is not set" time="0">
    </testcase>
    <testcase classname="Firebase Admin Initialization" name="should throw an error if service account file does not exist" time="0">
    </testcase>
    <testcase classname="Firebase Admin Initialization" name="should throw an error if service account file is invalid JSON" time="0">
    </testcase>
    <system-out/>
    <system-err/>
  </testsuite>
  <testsuite id="4" name="/Users/22060947/Documents/Private/EBuddy/my-monorepo/apps/backend-repo/middleware/authMiddleware.test.ts" errors="0" package="/Users/22060947/Documents/Private/EBuddy/my-monorepo/apps/backend-repo/middleware/authMiddleware.test.ts" hostname="localhost" tests="3" failures="0" time="7.12" timestamp="2025-02-11T01:55:29">
    <properties>
    </properties>
    <testcase classname="authMiddleware" name="should return 401 when token is missing and BYPASS_AUTH is not set" time="0">
    </testcase>
    <testcase classname="authMiddleware" name="should call next() when token is valid" time="0">
    </testcase>
    <testcase classname="authMiddleware" name="should return 401 when token is invalid" time="0">
    </testcase>
    <system-out/>
    <system-err/>
  </testsuite>
  <testsuite id="5" name="/Users/22060947/Documents/Private/EBuddy/my-monorepo/apps/backend-repo/routes/userRoutes.test.ts" errors="0" package="/Users/22060947/Documents/Private/EBuddy/my-monorepo/apps/backend-repo/routes/userRoutes.test.ts" hostname="localhost" tests="2" failures="0" time="7.555" timestamp="2025-02-11T01:55:29">
    <properties>
    </properties>
    <testcase classname="API Routes" name="should fetch user data successfully" time="0">
    </testcase>
    <testcase classname="API Routes" name="should update user data successfully" time="0">
    </testcase>
    <system-out/>
    <system-err/>
  </testsuite>
  <testsuite id="6" name="/Users/22060947/Documents/Private/EBuddy/my-monorepo/apps/backend-repo/core/app.test.ts" errors="0" package="/Users/22060947/Documents/Private/EBuddy/my-monorepo/apps/backend-repo/core/app.test.ts" hostname="localhost" tests="1" failures="0" time="7.811" timestamp="2025-02-11T01:55:29">
    <properties>
    </properties>
    <testcase classname="Express Server" name="should return 404 for unknown routes" time="0">
    </testcase>
    <system-out/>
    <system-err/>
  </testsuite>
</testsuites>